Analysis & Synthesis report for Nibble
Fri Nov  4 11:15:04 2016
Quartus Prime Version 16.0.0 Build 211 04/27/2016 SJ Lite Edition


---------------------
; Table of Contents ;
---------------------
  1. Legal Notice
  2. Analysis & Synthesis Summary
  3. Analysis & Synthesis Settings
  4. Parallel Compilation
  5. Analysis & Synthesis Source Files Read
  6. Analysis & Synthesis Resource Usage Summary
  7. Analysis & Synthesis Resource Utilization by Entity
  8. Analysis & Synthesis RAM Summary
  9. Registers Removed During Synthesis
 10. Removed Registers Triggering Further Register Optimizations
 11. General Register Statistics
 12. Registers Packed Into Inferred Megafunctions
 13. Source assignments for single_port_ram:inst19|altsyncram:ram_rtl_0|altsyncram_kia1:auto_generated
 14. Parameter Settings for User Entity Instance: MuxADDR:inst21|BUSMUX:insta0011
 15. Parameter Settings for User Entity Instance: Execute:inst18|BUSMUX:inst2223
 16. Parameter Settings for User Entity Instance: Execute:inst18|BUSMUX:inst2222
 17. Parameter Settings for Inferred Entity Instance: single_port_ram:inst19|altsyncram:ram_rtl_0
 18. altsyncram Parameter Settings by Entity Instance
 19. Post-Synthesis Netlist Statistics for Top Partition
 20. Elapsed Time Per Partition
 21. Analysis & Synthesis Messages



----------------
; Legal Notice ;
----------------
Copyright (C) 1991-2016 Altera Corporation. All rights reserved.
Your use of Altera Corporation's design tools, logic functions 
and other software and tools, and its AMPP partner logic 
functions, and any output files from any of the foregoing 
(including device programming or simulation files), and any 
associated documentation or information are expressly subject 
to the terms and conditions of the Altera Program License 
Subscription Agreement, the Altera Quartus Prime License Agreement,
the Altera MegaCore Function License Agreement, or other 
applicable license agreement, including, without limitation, 
that your use is for the sole purpose of programming logic 
devices manufactured by Altera and sold by Altera or its 
authorized distributors.  Please refer to the applicable 
agreement for further details.



+-------------------------------------------------------------------------------+
; Analysis & Synthesis Summary                                                  ;
+---------------------------------+---------------------------------------------+
; Analysis & Synthesis Status     ; Successful - Fri Nov  4 11:15:04 2016       ;
; Quartus Prime Version           ; 16.0.0 Build 211 04/27/2016 SJ Lite Edition ;
; Revision Name                   ; Nibble                                      ;
; Top-level Entity Name           ; Nibble                                      ;
; Family                          ; Cyclone V                                   ;
; Logic utilization (in ALMs)     ; N/A                                         ;
; Total registers                 ; 27                                          ;
; Total pins                      ; 66                                          ;
; Total virtual pins              ; 0                                           ;
; Total block memory bits         ; 128                                         ;
; Total DSP Blocks                ; 0                                           ;
; Total HSSI RX PCSs              ; 0                                           ;
; Total HSSI PMA RX Deserializers ; 0                                           ;
; Total HSSI TX PCSs              ; 0                                           ;
; Total HSSI PMA TX Serializers   ; 0                                           ;
; Total PLLs                      ; 0                                           ;
; Total DLLs                      ; 0                                           ;
+---------------------------------+---------------------------------------------+


+---------------------------------------------------------------------------------------------------------------------------+
; Analysis & Synthesis Settings                                                                                             ;
+---------------------------------------------------------------------------------+--------------------+--------------------+
; Option                                                                          ; Setting            ; Default Value      ;
+---------------------------------------------------------------------------------+--------------------+--------------------+
; Device                                                                          ; 5CGXFC7C7F23C8     ;                    ;
; Top-level entity name                                                           ; Nibble             ; Nibble             ;
; Family name                                                                     ; Cyclone V          ; Cyclone V          ;
; Use smart compilation                                                           ; Off                ; Off                ;
; Enable parallel Assembler and TimeQuest Timing Analyzer during compilation      ; On                 ; On                 ;
; Enable compact report table                                                     ; Off                ; Off                ;
; Restructure Multiplexers                                                        ; Auto               ; Auto               ;
; MLAB Add Timing Constraints For Mixed-Port Feed-Through Mode Setting Don't Care ; Off                ; Off                ;
; Create Debugging Nodes for IP Cores                                             ; Off                ; Off                ;
; Preserve fewer node names                                                       ; On                 ; On                 ;
; Disable OpenCore Plus hardware evaluation                                       ; Off                ; Off                ;
; Verilog Version                                                                 ; Verilog_2001       ; Verilog_2001       ;
; VHDL Version                                                                    ; VHDL_1993          ; VHDL_1993          ;
; State Machine Processing                                                        ; Auto               ; Auto               ;
; Safe State Machine                                                              ; Off                ; Off                ;
; Extract Verilog State Machines                                                  ; On                 ; On                 ;
; Extract VHDL State Machines                                                     ; On                 ; On                 ;
; Ignore Verilog initial constructs                                               ; Off                ; Off                ;
; Iteration limit for constant Verilog loops                                      ; 5000               ; 5000               ;
; Iteration limit for non-constant Verilog loops                                  ; 250                ; 250                ;
; Add Pass-Through Logic to Inferred RAMs                                         ; On                 ; On                 ;
; Infer RAMs from Raw Logic                                                       ; On                 ; On                 ;
; Parallel Synthesis                                                              ; On                 ; On                 ;
; DSP Block Balancing                                                             ; Auto               ; Auto               ;
; NOT Gate Push-Back                                                              ; On                 ; On                 ;
; Power-Up Don't Care                                                             ; On                 ; On                 ;
; Remove Redundant Logic Cells                                                    ; Off                ; Off                ;
; Remove Duplicate Registers                                                      ; On                 ; On                 ;
; Ignore CARRY Buffers                                                            ; Off                ; Off                ;
; Ignore CASCADE Buffers                                                          ; Off                ; Off                ;
; Ignore GLOBAL Buffers                                                           ; Off                ; Off                ;
; Ignore ROW GLOBAL Buffers                                                       ; Off                ; Off                ;
; Ignore LCELL Buffers                                                            ; Off                ; Off                ;
; Ignore SOFT Buffers                                                             ; On                 ; On                 ;
; Limit AHDL Integers to 32 Bits                                                  ; Off                ; Off                ;
; Optimization Technique                                                          ; Balanced           ; Balanced           ;
; Carry Chain Length                                                              ; 70                 ; 70                 ;
; Auto Carry Chains                                                               ; On                 ; On                 ;
; Auto Open-Drain Pins                                                            ; On                 ; On                 ;
; Perform WYSIWYG Primitive Resynthesis                                           ; Off                ; Off                ;
; Auto ROM Replacement                                                            ; On                 ; On                 ;
; Auto RAM Replacement                                                            ; On                 ; On                 ;
; Auto DSP Block Replacement                                                      ; On                 ; On                 ;
; Auto Shift Register Replacement                                                 ; Auto               ; Auto               ;
; Allow Shift Register Merging across Hierarchies                                 ; Auto               ; Auto               ;
; Auto Clock Enable Replacement                                                   ; On                 ; On                 ;
; Strict RAM Replacement                                                          ; Off                ; Off                ;
; Allow Synchronous Control Signals                                               ; On                 ; On                 ;
; Force Use of Synchronous Clear Signals                                          ; Off                ; Off                ;
; Auto Resource Sharing                                                           ; Off                ; Off                ;
; Allow Any RAM Size For Recognition                                              ; Off                ; Off                ;
; Allow Any ROM Size For Recognition                                              ; Off                ; Off                ;
; Allow Any Shift Register Size For Recognition                                   ; Off                ; Off                ;
; Use LogicLock Constraints during Resource Balancing                             ; On                 ; On                 ;
; Ignore translate_off and synthesis_off directives                               ; Off                ; Off                ;
; Timing-Driven Synthesis                                                         ; On                 ; On                 ;
; Report Parameter Settings                                                       ; On                 ; On                 ;
; Report Source Assignments                                                       ; On                 ; On                 ;
; Report Connectivity Checks                                                      ; On                 ; On                 ;
; Ignore Maximum Fan-Out Assignments                                              ; Off                ; Off                ;
; Synchronization Register Chain Length                                           ; 3                  ; 3                  ;
; PowerPlay Power Optimization During Synthesis                                   ; Normal compilation ; Normal compilation ;
; HDL message level                                                               ; Level2             ; Level2             ;
; Suppress Register Optimization Related Messages                                 ; Off                ; Off                ;
; Number of Removed Registers Reported in Synthesis Report                        ; 5000               ; 5000               ;
; Number of Swept Nodes Reported in Synthesis Report                              ; 5000               ; 5000               ;
; Number of Inverted Registers Reported in Synthesis Report                       ; 100                ; 100                ;
; Clock MUX Protection                                                            ; On                 ; On                 ;
; Auto Gated Clock Conversion                                                     ; Off                ; Off                ;
; Block Design Naming                                                             ; Auto               ; Auto               ;
; SDC constraint protection                                                       ; Off                ; Off                ;
; Synthesis Effort                                                                ; Auto               ; Auto               ;
; Shift Register Replacement - Allow Asynchronous Clear Signal                    ; On                 ; On                 ;
; Pre-Mapping Resynthesis Optimization                                            ; Off                ; Off                ;
; Analysis & Synthesis Message Level                                              ; Medium             ; Medium             ;
; Disable Register Merging Across Hierarchies                                     ; Auto               ; Auto               ;
; Resource Aware Inference For Block RAM                                          ; On                 ; On                 ;
; Synthesis Seed                                                                  ; 1                  ; 1                  ;
; Automatic Parallel Synthesis                                                    ; On                 ; On                 ;
; Partial Reconfiguration Bitstream ID                                            ; Off                ; Off                ;
+---------------------------------------------------------------------------------+--------------------+--------------------+


Parallel compilation was disabled, but you have multiple processors available. Enable parallel compilation to reduce compilation time.
+-------------------------------------+
; Parallel Compilation                ;
+----------------------------+--------+
; Processors                 ; Number ;
+----------------------------+--------+
; Number detected on machine ; 2      ;
; Maximum allowed            ; 1      ;
+----------------------------+--------+


+------------------------------------------------------------------------------------------------------------------------------------------------------------------------------------------+
; Analysis & Synthesis Source Files Read                                                                                                                                                   ;
+----------------------------------+-----------------+------------------------------------+--------------------------------------------------------------------------------------+---------+
; File Name with User-Entered Path ; Used in Netlist ; File Type                          ; File Name with Absolute Path                                                         ; Library ;
+----------------------------------+-----------------+------------------------------------+--------------------------------------------------------------------------------------+---------+
; Nibble.bdf                       ; yes             ; User Block Diagram/Schematic File  ; /home/alunoic/workspace/Alfredo/Nibble/Nibble.bdf                                    ;         ;
; FullAdd.bdf                      ; yes             ; User Block Diagram/Schematic File  ; /home/alunoic/workspace/Alfredo/Nibble/FullAdd.bdf                                   ;         ;
; FullAdd8.bdf                     ; yes             ; User Block Diagram/Schematic File  ; /home/alunoic/workspace/Alfredo/Nibble/FullAdd8.bdf                                  ;         ;
; Comp2.bdf                        ; yes             ; User Block Diagram/Schematic File  ; /home/alunoic/workspace/Alfredo/Nibble/Comp2.bdf                                     ;         ;
; single_port_ram.v                ; yes             ; User Verilog HDL File              ; /home/alunoic/workspace/Alfredo/Nibble/single_port_ram.v                             ;         ;
; single_port_rom.v                ; yes             ; User Verilog HDL File              ; /home/alunoic/workspace/Alfredo/Nibble/single_port_rom.v                             ;         ;
; PC.bdf                           ; yes             ; User Block Diagram/Schematic File  ; /home/alunoic/workspace/Alfredo/Nibble/PC.bdf                                        ;         ;
; Fetch.bdf                        ; yes             ; User Block Diagram/Schematic File  ; /home/alunoic/workspace/Alfredo/Nibble/Fetch.bdf                                     ;         ;
; inst.bdf                         ; yes             ; User Block Diagram/Schematic File  ; /home/alunoic/workspace/Alfredo/Nibble/inst.bdf                                      ;         ;
; inst8.bdf                        ; yes             ; User Block Diagram/Schematic File  ; /home/alunoic/workspace/Alfredo/Nibble/inst8.bdf                                     ;         ;
; Decoder.bdf                      ; yes             ; User Block Diagram/Schematic File  ; /home/alunoic/workspace/Alfredo/Nibble/Decoder.bdf                                   ;         ;
; OP.bdf                           ; yes             ; User Block Diagram/Schematic File  ; /home/alunoic/workspace/Alfredo/Nibble/OP.bdf                                        ;         ;
; V.bdf                            ; yes             ; User Block Diagram/Schematic File  ; /home/alunoic/workspace/Alfredo/Nibble/V.bdf                                         ;         ;
; Decode.bdf                       ; yes             ; User Block Diagram/Schematic File  ; /home/alunoic/workspace/Alfredo/Nibble/Decode.bdf                                    ;         ;
; Execute.bdf                      ; yes             ; User Block Diagram/Schematic File  ; /home/alunoic/workspace/Alfredo/Nibble/Execute.bdf                                   ;         ;
; MuxADDR.bdf                      ; yes             ; User Block Diagram/Schematic File  ; /home/alunoic/workspace/Alfredo/Nibble/MuxADDR.bdf                                   ;         ;
; FSM.bdf                          ; yes             ; User Block Diagram/Schematic File  ; /home/alunoic/workspace/Alfredo/Nibble/FSM.bdf                                       ;         ;
; single_port_rom_init.txt         ; yes             ; Auto-Found File                    ; /home/alunoic/workspace/Alfredo/Nibble/single_port_rom_init.txt                      ;         ;
; busmux.tdf                       ; yes             ; Megafunction                       ; /home/alunoic/altera_lite/16.0/quartus/libraries/megafunctions/busmux.tdf            ;         ;
; lpm_mux.inc                      ; yes             ; Megafunction                       ; /home/alunoic/altera_lite/16.0/quartus/libraries/megafunctions/lpm_mux.inc           ;         ;
; lpm_mux.tdf                      ; yes             ; Megafunction                       ; /home/alunoic/altera_lite/16.0/quartus/libraries/megafunctions/lpm_mux.tdf           ;         ;
; aglobal160.inc                   ; yes             ; Megafunction                       ; /home/alunoic/altera_lite/16.0/quartus/libraries/megafunctions/aglobal160.inc        ;         ;
; muxlut.inc                       ; yes             ; Megafunction                       ; /home/alunoic/altera_lite/16.0/quartus/libraries/megafunctions/muxlut.inc            ;         ;
; bypassff.inc                     ; yes             ; Megafunction                       ; /home/alunoic/altera_lite/16.0/quartus/libraries/megafunctions/bypassff.inc          ;         ;
; altshift.inc                     ; yes             ; Megafunction                       ; /home/alunoic/altera_lite/16.0/quartus/libraries/megafunctions/altshift.inc          ;         ;
; db/mux_tjc.tdf                   ; yes             ; Auto-Generated Megafunction        ; /home/alunoic/workspace/Alfredo/Nibble/db/mux_tjc.tdf                                ;         ;
; db/mux_0kc.tdf                   ; yes             ; Auto-Generated Megafunction        ; /home/alunoic/workspace/Alfredo/Nibble/db/mux_0kc.tdf                                ;         ;
; altsyncram.tdf                   ; yes             ; Megafunction                       ; /home/alunoic/altera_lite/16.0/quartus/libraries/megafunctions/altsyncram.tdf        ;         ;
; stratix_ram_block.inc            ; yes             ; Megafunction                       ; /home/alunoic/altera_lite/16.0/quartus/libraries/megafunctions/stratix_ram_block.inc ;         ;
; lpm_decode.inc                   ; yes             ; Megafunction                       ; /home/alunoic/altera_lite/16.0/quartus/libraries/megafunctions/lpm_decode.inc        ;         ;
; a_rdenreg.inc                    ; yes             ; Megafunction                       ; /home/alunoic/altera_lite/16.0/quartus/libraries/megafunctions/a_rdenreg.inc         ;         ;
; altrom.inc                       ; yes             ; Megafunction                       ; /home/alunoic/altera_lite/16.0/quartus/libraries/megafunctions/altrom.inc            ;         ;
; altram.inc                       ; yes             ; Megafunction                       ; /home/alunoic/altera_lite/16.0/quartus/libraries/megafunctions/altram.inc            ;         ;
; altdpram.inc                     ; yes             ; Megafunction                       ; /home/alunoic/altera_lite/16.0/quartus/libraries/megafunctions/altdpram.inc          ;         ;
; db/altsyncram_kia1.tdf           ; yes             ; Auto-Generated Megafunction        ; /home/alunoic/workspace/Alfredo/Nibble/db/altsyncram_kia1.tdf                        ;         ;
+----------------------------------+-----------------+------------------------------------+--------------------------------------------------------------------------------------+---------+


+-----------------------------------------------------------+
; Analysis & Synthesis Resource Usage Summary               ;
+---------------------------------------------+-------------+
; Resource                                    ; Usage       ;
+---------------------------------------------+-------------+
; Estimate of Logic utilization (ALMs needed) ; 17          ;
;                                             ;             ;
; Combinational ALUT usage for logic          ; 26          ;
;     -- 7 input functions                    ; 1           ;
;     -- 6 input functions                    ; 5           ;
;     -- 5 input functions                    ; 4           ;
;     -- 4 input functions                    ; 3           ;
;     -- <=3 input functions                  ; 13          ;
;                                             ;             ;
; Dedicated logic registers                   ; 27          ;
;                                             ;             ;
; I/O pins                                    ; 66          ;
; Total MLAB memory bits                      ; 0           ;
; Total block memory bits                     ; 128         ;
;                                             ;             ;
; Total DSP Blocks                            ; 0           ;
;                                             ;             ;
; Maximum fan-out node                        ; Clock~input ;
; Maximum fan-out                             ; 31          ;
; Total fan-out                               ; 326         ;
; Average fan-out                             ; 1.69        ;
+---------------------------------------------+-------------+


+-----------------------------------------------------------------------------------------------------------------------------------------------------------------------------------------------------------------------------------------------------------+
; Analysis & Synthesis Resource Utilization by Entity                                                                                                                                                                                                       ;
+-------------------------------------------+-------------------+--------------+-------------------+------------+------+--------------+------------------------------------------------------------------------------------+-----------------+--------------+
; Compilation Hierarchy Node                ; LC Combinationals ; LC Registers ; Block Memory Bits ; DSP Blocks ; Pins ; Virtual Pins ; Full Hierarchy Name                                                                ; Entity Name     ; Library Name ;
+-------------------------------------------+-------------------+--------------+-------------------+------------+------+--------------+------------------------------------------------------------------------------------+-----------------+--------------+
; |Nibble                                   ; 26 (3)            ; 27 (0)       ; 128               ; 0          ; 66   ; 0            ; |Nibble                                                                            ; Nibble          ; work         ;
;    |Decode:inst13|                        ; 0 (0)             ; 4 (0)        ; 0                 ; 0          ; 0    ; 0            ; |Nibble|Decode:inst13                                                              ; Decode          ; work         ;
;       |inst:inst11111|                    ; 0 (0)             ; 4 (0)        ; 0                 ; 0          ; 0    ; 0            ; |Nibble|Decode:inst13|inst:inst11111                                               ; inst            ; work         ;
;          |inst8:inst1|                    ; 0 (0)             ; 1 (1)        ; 0                 ; 0          ; 0    ; 0            ; |Nibble|Decode:inst13|inst:inst11111|inst8:inst1                                   ; inst8           ; work         ;
;          |inst8:inst600|                  ; 0 (0)             ; 2 (2)        ; 0                 ; 0          ; 0    ; 0            ; |Nibble|Decode:inst13|inst:inst11111|inst8:inst600                                 ; inst8           ; work         ;
;          |inst8:inst|                     ; 0 (0)             ; 1 (1)        ; 0                 ; 0          ; 0    ; 0            ; |Nibble|Decode:inst13|inst:inst11111|inst8:inst                                    ; inst8           ; work         ;
;    |Execute:inst18|                       ; 11 (0)            ; 2 (0)        ; 0                 ; 0          ; 0    ; 0            ; |Nibble|Execute:inst18                                                             ; Execute         ; work         ;
;       |FullAdd8:inst5|                    ; 10 (0)            ; 0 (0)        ; 0                 ; 0          ; 0    ; 0            ; |Nibble|Execute:inst18|FullAdd8:inst5                                              ; FullAdd8        ; work         ;
;          |FullAdd:inst1|                  ; 2 (2)             ; 0 (0)        ; 0                 ; 0          ; 0    ; 0            ; |Nibble|Execute:inst18|FullAdd8:inst5|FullAdd:inst1                                ; FullAdd         ; work         ;
;          |FullAdd:inst2|                  ; 2 (2)             ; 0 (0)        ; 0                 ; 0          ; 0    ; 0            ; |Nibble|Execute:inst18|FullAdd8:inst5|FullAdd:inst2                                ; FullAdd         ; work         ;
;          |FullAdd:inst3|                  ; 2 (2)             ; 0 (0)        ; 0                 ; 0          ; 0    ; 0            ; |Nibble|Execute:inst18|FullAdd8:inst5|FullAdd:inst3                                ; FullAdd         ; work         ;
;          |FullAdd:inst4|                  ; 1 (1)             ; 0 (0)        ; 0                 ; 0          ; 0    ; 0            ; |Nibble|Execute:inst18|FullAdd8:inst5|FullAdd:inst4                                ; FullAdd         ; work         ;
;          |FullAdd:inst5|                  ; 1 (1)             ; 0 (0)        ; 0                 ; 0          ; 0    ; 0            ; |Nibble|Execute:inst18|FullAdd8:inst5|FullAdd:inst5                                ; FullAdd         ; work         ;
;          |FullAdd:inst6|                  ; 1 (1)             ; 0 (0)        ; 0                 ; 0          ; 0    ; 0            ; |Nibble|Execute:inst18|FullAdd8:inst5|FullAdd:inst6                                ; FullAdd         ; work         ;
;          |FullAdd:inst7|                  ; 1 (1)             ; 0 (0)        ; 0                 ; 0          ; 0    ; 0            ; |Nibble|Execute:inst18|FullAdd8:inst5|FullAdd:inst7                                ; FullAdd         ; work         ;
;       |V:inst17|                          ; 0 (0)             ; 1 (0)        ; 0                 ; 0          ; 0    ; 0            ; |Nibble|Execute:inst18|V:inst17                                                    ; V               ; work         ;
;          |inst8:inst1|                    ; 0 (0)             ; 1 (1)        ; 0                 ; 0          ; 0    ; 0            ; |Nibble|Execute:inst18|V:inst17|inst8:inst1                                        ; inst8           ; work         ;
;       |V:inst18|                          ; 0 (0)             ; 1 (0)        ; 0                 ; 0          ; 0    ; 0            ; |Nibble|Execute:inst18|V:inst18                                                    ; V               ; work         ;
;          |inst8:inst1|                    ; 0 (0)             ; 1 (1)        ; 0                 ; 0          ; 0    ; 0            ; |Nibble|Execute:inst18|V:inst18|inst8:inst1                                        ; inst8           ; work         ;
;       |busmux:inst2222|                   ; 1 (0)             ; 0 (0)        ; 0                 ; 0          ; 0    ; 0            ; |Nibble|Execute:inst18|busmux:inst2222                                             ; busmux          ; work         ;
;          |lpm_mux:$00000|                 ; 1 (0)             ; 0 (0)        ; 0                 ; 0          ; 0    ; 0            ; |Nibble|Execute:inst18|busmux:inst2222|lpm_mux:$00000                              ; lpm_mux         ; work         ;
;             |mux_0kc:auto_generated|      ; 1 (1)             ; 0 (0)        ; 0                 ; 0          ; 0    ; 0            ; |Nibble|Execute:inst18|busmux:inst2222|lpm_mux:$00000|mux_0kc:auto_generated       ; mux_0kc         ; work         ;
;    |FSM:inst123456|                       ; 3 (3)             ; 2 (2)        ; 0                 ; 0          ; 0    ; 0            ; |Nibble|FSM:inst123456                                                             ; FSM             ; work         ;
;    |Fetch:inst333|                        ; 9 (0)             ; 9 (0)        ; 0                 ; 0          ; 0    ; 0            ; |Nibble|Fetch:inst333                                                              ; Fetch           ; work         ;
;       |PC:inst|                           ; 5 (5)             ; 5 (5)        ; 0                 ; 0          ; 0    ; 0            ; |Nibble|Fetch:inst333|PC:inst                                                      ; PC              ; work         ;
;       |single_port_rom:inst2|             ; 4 (4)             ; 4 (4)        ; 0                 ; 0          ; 0    ; 0            ; |Nibble|Fetch:inst333|single_port_rom:inst2                                        ; single_port_rom ; work         ;
;    |OP:inst22451|                         ; 0 (0)             ; 2 (2)        ; 0                 ; 0          ; 0    ; 0            ; |Nibble|OP:inst22451                                                               ; OP              ; work         ;
;    |V:inst20|                             ; 0 (0)             ; 8 (0)        ; 0                 ; 0          ; 0    ; 0            ; |Nibble|V:inst20                                                                   ; V               ; work         ;
;       |inst8:inst1|                       ; 0 (0)             ; 4 (4)        ; 0                 ; 0          ; 0    ; 0            ; |Nibble|V:inst20|inst8:inst1                                                       ; inst8           ; work         ;
;       |inst8:inst|                        ; 0 (0)             ; 4 (4)        ; 0                 ; 0          ; 0    ; 0            ; |Nibble|V:inst20|inst8:inst                                                        ; inst8           ; work         ;
;    |single_port_ram:inst19|               ; 0 (0)             ; 0 (0)        ; 128               ; 0          ; 0    ; 0            ; |Nibble|single_port_ram:inst19                                                     ; single_port_ram ; work         ;
;       |altsyncram:ram_rtl_0|              ; 0 (0)             ; 0 (0)        ; 128               ; 0          ; 0    ; 0            ; |Nibble|single_port_ram:inst19|altsyncram:ram_rtl_0                                ; altsyncram      ; work         ;
;          |altsyncram_kia1:auto_generated| ; 0 (0)             ; 0 (0)        ; 128               ; 0          ; 0    ; 0            ; |Nibble|single_port_ram:inst19|altsyncram:ram_rtl_0|altsyncram_kia1:auto_generated ; altsyncram_kia1 ; work         ;
+-------------------------------------------+-------------------+--------------+-------------------+------------+------+--------------+------------------------------------------------------------------------------------+-----------------+--------------+
Note: For table entries with two numbers listed, the numbers in parentheses indicate the number of resources of the given type used by the specific entity alone. The numbers listed outside of parentheses indicate the total resources of the given type used by the specific entity and all of its sub-entities in the hierarchy.


+--------------------------------------------------------------------------------------------------------------------------------------------------------------------------------------+
; Analysis & Synthesis RAM Summary                                                                                                                                                     ;
+---------------------------------------------------------------------------------------+------+-------------+--------------+--------------+--------------+--------------+------+------+
; Name                                                                                  ; Type ; Mode        ; Port A Depth ; Port A Width ; Port B Depth ; Port B Width ; Size ; MIF  ;
+---------------------------------------------------------------------------------------+------+-------------+--------------+--------------+--------------+--------------+------+------+
; single_port_ram:inst19|altsyncram:ram_rtl_0|altsyncram_kia1:auto_generated|ALTSYNCRAM ; AUTO ; Single Port ; 32           ; 8            ; --           ; --           ; 256  ; None ;
+---------------------------------------------------------------------------------------+------+-------------+--------------+--------------+--------------+--------------+------+------+


+---------------------------------------------------------------------------------------------------------------------------+
; Registers Removed During Synthesis                                                                                        ;
+--------------------------------------------------------------+------------------------------------------------------------+
; Register name                                                ; Reason for Removal                                         ;
+--------------------------------------------------------------+------------------------------------------------------------+
; Fetch:inst333|single_port_rom:inst2|q[1,2,4..8,10..16,18,20] ; Stuck at GND due to stuck port data_in                     ;
; Decode:inst13|inst:inst11111|inst8:inst5|inst3               ; Stuck at GND due to stuck port data_in                     ;
; Decode:inst13|inst:inst11111|inst8:inst5|inst4               ; Stuck at GND due to stuck port data_in                     ;
; Decode:inst13|inst:inst11111|inst8:inst5|inst5               ; Stuck at GND due to stuck port data_in                     ;
; Decode:inst13|inst:inst11111|inst8:inst5|inst7               ; Stuck at GND due to stuck port data_in                     ;
; Decode:inst13|inst:inst11111|inst8:inst1|inst3               ; Stuck at GND due to stuck port data_in                     ;
; Decode:inst13|inst:inst11111|inst8:inst1|inst4               ; Stuck at GND due to stuck port data_in                     ;
; Decode:inst13|inst:inst11111|inst8:inst1|inst7               ; Stuck at GND due to stuck port data_in                     ;
; Decode:inst13|inst:inst11111|inst8:inst4|inst3               ; Stuck at GND due to stuck port data_in                     ;
; Decode:inst13|inst:inst11111|inst8:inst4|inst4               ; Stuck at GND due to stuck port data_in                     ;
; Decode:inst13|inst:inst11111|inst8:inst4|inst5               ; Stuck at GND due to stuck port data_in                     ;
; Decode:inst13|inst:inst11111|inst8:inst4|inst7               ; Stuck at GND due to stuck port data_in                     ;
; Decode:inst13|inst:inst11111|inst8:inst|inst4                ; Stuck at GND due to stuck port data_in                     ;
; Decode:inst13|inst:inst11111|inst8:inst|inst5                ; Stuck at GND due to stuck port data_in                     ;
; Decode:inst13|inst:inst11111|inst8:inst600|inst7             ; Stuck at GND due to stuck port data_in                     ;
; Decode:inst13|inst:inst11111|inst8:inst2|inst4               ; Stuck at GND due to stuck port data_in                     ;
; Decode:inst13|inst:inst11111|inst8:inst2|inst7               ; Stuck at GND due to stuck port data_in                     ;
; Execute:inst18|V:inst17|inst8:inst1|inst7                    ; Stuck at GND due to stuck port data_in                     ;
; Execute:inst18|V:inst18|inst8:inst1|inst5                    ; Stuck at GND due to stuck port data_in                     ;
; Execute:inst18|V:inst18|inst8:inst1|inst4                    ; Stuck at GND due to stuck port data_in                     ;
; Execute:inst18|V:inst17|inst8:inst1|inst4                    ; Stuck at GND due to stuck port data_in                     ;
; Execute:inst18|V:inst17|inst8:inst1|inst3                    ; Stuck at GND due to stuck port data_in                     ;
; Execute:inst18|V:inst18|inst8:inst|inst7                     ; Stuck at GND due to stuck port data_in                     ;
; Execute:inst18|V:inst17|inst8:inst|inst7                     ; Stuck at GND due to stuck port data_in                     ;
; Execute:inst18|V:inst18|inst8:inst|inst5                     ; Stuck at GND due to stuck port data_in                     ;
; Execute:inst18|V:inst17|inst8:inst|inst5                     ; Stuck at GND due to stuck port data_in                     ;
; Execute:inst18|V:inst18|inst8:inst|inst4                     ; Stuck at GND due to stuck port data_in                     ;
; Execute:inst18|V:inst17|inst8:inst|inst4                     ; Stuck at GND due to stuck port data_in                     ;
; Execute:inst18|V:inst17|inst8:inst|inst3                     ; Stuck at GND due to stuck port data_in                     ;
; Execute:inst18|V:inst18|inst8:inst|inst3                     ; Stuck at GND due to stuck port data_in                     ;
; Fetch:inst333|single_port_rom:inst2|q[9,19,22]               ; Merged with Fetch:inst333|single_port_rom:inst2|q[17]      ;
; Fetch:inst333|single_port_rom:inst2|q[3]                     ; Merged with Fetch:inst333|single_port_rom:inst2|q[0]       ;
; Decode:inst13|inst:inst11111|inst8:inst2|inst3               ; Merged with Decode:inst13|inst:inst11111|inst8:inst1|inst5 ;
; Decode:inst13|inst:inst11111|inst8:inst2|inst5               ; Merged with Decode:inst13|inst:inst11111|inst8:inst1|inst5 ;
; Decode:inst13|inst:inst11111|inst8:inst600|inst4             ; Merged with Decode:inst13|inst:inst11111|inst8:inst1|inst5 ;
; Decode:inst13|inst:inst11111|inst8:inst|inst7                ; Merged with Decode:inst13|inst:inst11111|inst8:inst|inst3  ;
; OP:inst22451|inst4                                           ; Merged with Execute:inst18|V:inst17|inst8:inst1|inst5      ;
; Execute:inst18|V:inst18|inst8:inst1|inst7                    ; Merged with Execute:inst18|V:inst18|inst8:inst1|inst3      ;
; Total Number of Removed Registers = 55                       ;                                                            ;
+--------------------------------------------------------------+------------------------------------------------------------+


+--------------------------------------------------------------------------------------------------------------------------+
; Removed Registers Triggering Further Register Optimizations                                                              ;
+-------------------------------------------+---------------------------+--------------------------------------------------+
; Register name                             ; Reason for Removal        ; Registers Removed due to This Register           ;
+-------------------------------------------+---------------------------+--------------------------------------------------+
; Fetch:inst333|single_port_rom:inst2|q[15] ; Stuck at GND              ; Decode:inst13|inst:inst11111|inst8:inst5|inst3,  ;
;                                           ; due to stuck port data_in ; Execute:inst18|V:inst17|inst8:inst|inst3         ;
; Fetch:inst333|single_port_rom:inst2|q[14] ; Stuck at GND              ; Decode:inst13|inst:inst11111|inst8:inst5|inst4,  ;
;                                           ; due to stuck port data_in ; Execute:inst18|V:inst17|inst8:inst|inst4         ;
; Fetch:inst333|single_port_rom:inst2|q[13] ; Stuck at GND              ; Decode:inst13|inst:inst11111|inst8:inst5|inst5,  ;
;                                           ; due to stuck port data_in ; Execute:inst18|V:inst17|inst8:inst|inst5         ;
; Fetch:inst333|single_port_rom:inst2|q[12] ; Stuck at GND              ; Decode:inst13|inst:inst11111|inst8:inst5|inst7,  ;
;                                           ; due to stuck port data_in ; Execute:inst18|V:inst17|inst8:inst|inst7         ;
; Fetch:inst333|single_port_rom:inst2|q[11] ; Stuck at GND              ; Decode:inst13|inst:inst11111|inst8:inst1|inst3,  ;
;                                           ; due to stuck port data_in ; Execute:inst18|V:inst17|inst8:inst1|inst3        ;
; Fetch:inst333|single_port_rom:inst2|q[10] ; Stuck at GND              ; Decode:inst13|inst:inst11111|inst8:inst1|inst4,  ;
;                                           ; due to stuck port data_in ; Execute:inst18|V:inst17|inst8:inst1|inst4        ;
; Fetch:inst333|single_port_rom:inst2|q[8]  ; Stuck at GND              ; Decode:inst13|inst:inst11111|inst8:inst1|inst7,  ;
;                                           ; due to stuck port data_in ; Execute:inst18|V:inst17|inst8:inst1|inst7        ;
; Fetch:inst333|single_port_rom:inst2|q[7]  ; Stuck at GND              ; Decode:inst13|inst:inst11111|inst8:inst4|inst3,  ;
;                                           ; due to stuck port data_in ; Execute:inst18|V:inst18|inst8:inst|inst3         ;
; Fetch:inst333|single_port_rom:inst2|q[6]  ; Stuck at GND              ; Decode:inst13|inst:inst11111|inst8:inst4|inst4,  ;
;                                           ; due to stuck port data_in ; Execute:inst18|V:inst18|inst8:inst|inst4         ;
; Fetch:inst333|single_port_rom:inst2|q[5]  ; Stuck at GND              ; Decode:inst13|inst:inst11111|inst8:inst4|inst5,  ;
;                                           ; due to stuck port data_in ; Execute:inst18|V:inst18|inst8:inst|inst5         ;
; Fetch:inst333|single_port_rom:inst2|q[4]  ; Stuck at GND              ; Decode:inst13|inst:inst11111|inst8:inst4|inst7,  ;
;                                           ; due to stuck port data_in ; Execute:inst18|V:inst18|inst8:inst|inst7         ;
; Fetch:inst333|single_port_rom:inst2|q[2]  ; Stuck at GND              ; Decode:inst13|inst:inst11111|inst8:inst|inst4,   ;
;                                           ; due to stuck port data_in ; Execute:inst18|V:inst18|inst8:inst1|inst4        ;
; Fetch:inst333|single_port_rom:inst2|q[1]  ; Stuck at GND              ; Decode:inst13|inst:inst11111|inst8:inst|inst5,   ;
;                                           ; due to stuck port data_in ; Execute:inst18|V:inst18|inst8:inst1|inst5        ;
; Fetch:inst333|single_port_rom:inst2|q[20] ; Stuck at GND              ; Decode:inst13|inst:inst11111|inst8:inst600|inst7 ;
;                                           ; due to stuck port data_in ;                                                  ;
; Fetch:inst333|single_port_rom:inst2|q[18] ; Stuck at GND              ; Decode:inst13|inst:inst11111|inst8:inst2|inst4   ;
;                                           ; due to stuck port data_in ;                                                  ;
; Fetch:inst333|single_port_rom:inst2|q[16] ; Stuck at GND              ; Decode:inst13|inst:inst11111|inst8:inst2|inst7   ;
;                                           ; due to stuck port data_in ;                                                  ;
+-------------------------------------------+---------------------------+--------------------------------------------------+


+------------------------------------------------------+
; General Register Statistics                          ;
+----------------------------------------------+-------+
; Statistic                                    ; Value ;
+----------------------------------------------+-------+
; Total registers                              ; 27    ;
; Number of registers using Synchronous Clear  ; 0     ;
; Number of registers using Synchronous Load   ; 0     ;
; Number of registers using Asynchronous Clear ; 21    ;
; Number of registers using Asynchronous Load  ; 0     ;
; Number of registers using Clock Enable       ; 21    ;
; Number of registers using Preset             ; 0     ;
+----------------------------------------------+-------+


+---------------------------------------------------------------------------------+
; Registers Packed Into Inferred Megafunctions                                    ;
+---------------------------------------+----------------------------------+------+
; Register Name                         ; Megafunction                     ; Type ;
+---------------------------------------+----------------------------------+------+
; single_port_ram:inst19|addr_reg[0..4] ; single_port_ram:inst19|ram_rtl_0 ; RAM  ;
+---------------------------------------+----------------------------------+------+


+---------------------------------------------------------------------------------------------------+
; Source assignments for single_port_ram:inst19|altsyncram:ram_rtl_0|altsyncram_kia1:auto_generated ;
+---------------------------------+--------------------+------+-------------------------------------+
; Assignment                      ; Value              ; From ; To                                  ;
+---------------------------------+--------------------+------+-------------------------------------+
; OPTIMIZE_POWER_DURING_SYNTHESIS ; NORMAL_COMPILATION ; -    ; -                                   ;
+---------------------------------+--------------------+------+-------------------------------------+


+------------------------------------------------------------------------------+
; Parameter Settings for User Entity Instance: MuxADDR:inst21|BUSMUX:insta0011 ;
+----------------+-------+-----------------------------------------------------+
; Parameter Name ; Value ; Type                                                ;
+----------------+-------+-----------------------------------------------------+
; WIDTH          ; 5     ; Untyped                                             ;
+----------------+-------+-----------------------------------------------------+
Note: In order to hide this table in the UI and the text report file, please set the "Show Parameter Settings in Synthesis Report" option in "Analysis and Synthesis Settings -> More Settings" to "Off".


+-----------------------------------------------------------------------------+
; Parameter Settings for User Entity Instance: Execute:inst18|BUSMUX:inst2223 ;
+----------------+-------+----------------------------------------------------+
; Parameter Name ; Value ; Type                                               ;
+----------------+-------+----------------------------------------------------+
; WIDTH          ; 8     ; Untyped                                            ;
+----------------+-------+----------------------------------------------------+
Note: In order to hide this table in the UI and the text report file, please set the "Show Parameter Settings in Synthesis Report" option in "Analysis and Synthesis Settings -> More Settings" to "Off".


+-----------------------------------------------------------------------------+
; Parameter Settings for User Entity Instance: Execute:inst18|BUSMUX:inst2222 ;
+----------------+-------+----------------------------------------------------+
; Parameter Name ; Value ; Type                                               ;
+----------------+-------+----------------------------------------------------+
; WIDTH          ; 8     ; Untyped                                            ;
+----------------+-------+----------------------------------------------------+
Note: In order to hide this table in the UI and the text report file, please set the "Show Parameter Settings in Synthesis Report" option in "Analysis and Synthesis Settings -> More Settings" to "Off".


+----------------------------------------------------------------------------------------------+
; Parameter Settings for Inferred Entity Instance: single_port_ram:inst19|altsyncram:ram_rtl_0 ;
+------------------------------------+----------------------+----------------------------------+
; Parameter Name                     ; Value                ; Type                             ;
+------------------------------------+----------------------+----------------------------------+
; BYTE_SIZE_BLOCK                    ; 8                    ; Untyped                          ;
; AUTO_CARRY_CHAINS                  ; ON                   ; AUTO_CARRY                       ;
; IGNORE_CARRY_BUFFERS               ; OFF                  ; IGNORE_CARRY                     ;
; AUTO_CASCADE_CHAINS                ; ON                   ; AUTO_CASCADE                     ;
; IGNORE_CASCADE_BUFFERS             ; OFF                  ; IGNORE_CASCADE                   ;
; WIDTH_BYTEENA                      ; 1                    ; Untyped                          ;
; OPERATION_MODE                     ; SINGLE_PORT          ; Untyped                          ;
; WIDTH_A                            ; 8                    ; Untyped                          ;
; WIDTHAD_A                          ; 5                    ; Untyped                          ;
; NUMWORDS_A                         ; 32                   ; Untyped                          ;
; OUTDATA_REG_A                      ; UNREGISTERED         ; Untyped                          ;
; ADDRESS_ACLR_A                     ; NONE                 ; Untyped                          ;
; OUTDATA_ACLR_A                     ; NONE                 ; Untyped                          ;
; WRCONTROL_ACLR_A                   ; NONE                 ; Untyped                          ;
; INDATA_ACLR_A                      ; NONE                 ; Untyped                          ;
; BYTEENA_ACLR_A                     ; NONE                 ; Untyped                          ;
; WIDTH_B                            ; 1                    ; Untyped                          ;
; WIDTHAD_B                          ; 1                    ; Untyped                          ;
; NUMWORDS_B                         ; 1                    ; Untyped                          ;
; INDATA_REG_B                       ; CLOCK1               ; Untyped                          ;
; WRCONTROL_WRADDRESS_REG_B          ; CLOCK1               ; Untyped                          ;
; RDCONTROL_REG_B                    ; CLOCK1               ; Untyped                          ;
; ADDRESS_REG_B                      ; CLOCK1               ; Untyped                          ;
; OUTDATA_REG_B                      ; UNREGISTERED         ; Untyped                          ;
; BYTEENA_REG_B                      ; CLOCK1               ; Untyped                          ;
; INDATA_ACLR_B                      ; NONE                 ; Untyped                          ;
; WRCONTROL_ACLR_B                   ; NONE                 ; Untyped                          ;
; ADDRESS_ACLR_B                     ; NONE                 ; Untyped                          ;
; OUTDATA_ACLR_B                     ; NONE                 ; Untyped                          ;
; RDCONTROL_ACLR_B                   ; NONE                 ; Untyped                          ;
; BYTEENA_ACLR_B                     ; NONE                 ; Untyped                          ;
; WIDTH_BYTEENA_A                    ; 1                    ; Untyped                          ;
; WIDTH_BYTEENA_B                    ; 1                    ; Untyped                          ;
; RAM_BLOCK_TYPE                     ; AUTO                 ; Untyped                          ;
; BYTE_SIZE                          ; 8                    ; Untyped                          ;
; READ_DURING_WRITE_MODE_MIXED_PORTS ; DONT_CARE            ; Untyped                          ;
; READ_DURING_WRITE_MODE_PORT_A      ; NEW_DATA_NO_NBE_READ ; Untyped                          ;
; READ_DURING_WRITE_MODE_PORT_B      ; NEW_DATA_NO_NBE_READ ; Untyped                          ;
; INIT_FILE                          ; UNUSED               ; Untyped                          ;
; INIT_FILE_LAYOUT                   ; PORT_A               ; Untyped                          ;
; MAXIMUM_DEPTH                      ; 0                    ; Untyped                          ;
; CLOCK_ENABLE_INPUT_A               ; NORMAL               ; Untyped                          ;
; CLOCK_ENABLE_INPUT_B               ; NORMAL               ; Untyped                          ;
; CLOCK_ENABLE_OUTPUT_A              ; NORMAL               ; Untyped                          ;
; CLOCK_ENABLE_OUTPUT_B              ; NORMAL               ; Untyped                          ;
; CLOCK_ENABLE_CORE_A                ; USE_INPUT_CLKEN      ; Untyped                          ;
; CLOCK_ENABLE_CORE_B                ; USE_INPUT_CLKEN      ; Untyped                          ;
; ENABLE_ECC                         ; FALSE                ; Untyped                          ;
; ECC_PIPELINE_STAGE_ENABLED         ; FALSE                ; Untyped                          ;
; WIDTH_ECCSTATUS                    ; 3                    ; Untyped                          ;
; DEVICE_FAMILY                      ; Cyclone V            ; Untyped                          ;
; CBXI_PARAMETER                     ; altsyncram_kia1      ; Untyped                          ;
+------------------------------------+----------------------+----------------------------------+
Note: In order to hide this table in the UI and the text report file, please set the "Show Parameter Settings in Synthesis Report" option in "Analysis and Synthesis Settings -> More Settings" to "Off".


+-----------------------------------------------------------------------------------------+
; altsyncram Parameter Settings by Entity Instance                                        ;
+-------------------------------------------+---------------------------------------------+
; Name                                      ; Value                                       ;
+-------------------------------------------+---------------------------------------------+
; Number of entity instances                ; 1                                           ;
; Entity Instance                           ; single_port_ram:inst19|altsyncram:ram_rtl_0 ;
;     -- OPERATION_MODE                     ; SINGLE_PORT                                 ;
;     -- WIDTH_A                            ; 8                                           ;
;     -- NUMWORDS_A                         ; 32                                          ;
;     -- OUTDATA_REG_A                      ; UNREGISTERED                                ;
;     -- WIDTH_B                            ; 1                                           ;
;     -- NUMWORDS_B                         ; 1                                           ;
;     -- ADDRESS_REG_B                      ; CLOCK1                                      ;
;     -- OUTDATA_REG_B                      ; UNREGISTERED                                ;
;     -- RAM_BLOCK_TYPE                     ; AUTO                                        ;
;     -- READ_DURING_WRITE_MODE_MIXED_PORTS ; DONT_CARE                                   ;
+-------------------------------------------+---------------------------------------------+


+-----------------------------------------------------+
; Post-Synthesis Netlist Statistics for Top Partition ;
+-----------------------+-----------------------------+
; Type                  ; Count                       ;
+-----------------------+-----------------------------+
; arriav_ff             ; 27                          ;
;     ENA CLR           ; 21                          ;
;     plain             ; 6                           ;
; arriav_lcell_comb     ; 26                          ;
;     extend            ; 1                           ;
;         7 data inputs ; 1                           ;
;     normal            ; 25                          ;
;         0 data inputs ; 1                           ;
;         1 data inputs ; 5                           ;
;         2 data inputs ; 4                           ;
;         3 data inputs ; 3                           ;
;         4 data inputs ; 3                           ;
;         5 data inputs ; 4                           ;
;         6 data inputs ; 5                           ;
; boundary_port         ; 66                          ;
; stratixv_ram_block    ; 8                           ;
;                       ;                             ;
; Max LUT depth         ; 2.00                        ;
; Average LUT depth     ; 0.90                        ;
+-----------------------+-----------------------------+


+-------------------------------+
; Elapsed Time Per Partition    ;
+----------------+--------------+
; Partition Name ; Elapsed Time ;
+----------------+--------------+
; Top            ; 00:00:01     ;
+----------------+--------------+


+-------------------------------+
; Analysis & Synthesis Messages ;
+-------------------------------+
Info: *******************************************************************
Info: Running Quartus Prime Analysis & Synthesis
    Info: Version 16.0.0 Build 211 04/27/2016 SJ Lite Edition
    Info: Processing started: Fri Nov  4 11:14:32 2016
Info: Command: quartus_map --read_settings_files=on --write_settings_files=off Nibble -c Nibble
Warning (20028): Parallel compilation is not licensed and has been disabled
Info (12021): Found 1 design units, including 1 entities, in source file Nibble.bdf
    Info (12023): Found entity 1: Nibble
Info (12021): Found 1 design units, including 1 entities, in source file FullAdd.bdf
    Info (12023): Found entity 1: FullAdd
Info (12021): Found 1 design units, including 1 entities, in source file FullAdd8.bdf
    Info (12023): Found entity 1: FullAdd8
Info (12021): Found 1 design units, including 1 entities, in source file Comp2.bdf
    Info (12023): Found entity 1: Comp2
Info (12021): Found 1 design units, including 1 entities, in source file single_port_ram.v
    Info (12023): Found entity 1: single_port_ram File: /home/alunoic/workspace/Alfredo/Nibble/single_port_ram.v Line: 4
Info (12021): Found 1 design units, including 1 entities, in source file single_port_rom.v
    Info (12023): Found entity 1: single_port_rom File: /home/alunoic/workspace/Alfredo/Nibble/single_port_rom.v Line: 4
Info (12021): Found 1 design units, including 1 entities, in source file PC.bdf
    Info (12023): Found entity 1: PC
Info (12021): Found 1 design units, including 1 entities, in source file Fetch.bdf
    Info (12023): Found entity 1: Fetch
Info (12021): Found 1 design units, including 1 entities, in source file inst.bdf
    Info (12023): Found entity 1: inst
Info (12021): Found 1 design units, including 1 entities, in source file inst8.bdf
    Info (12023): Found entity 1: inst8
Info (12021): Found 1 design units, including 1 entities, in source file Decoder.bdf
    Info (12023): Found entity 1: Decoder
Info (12021): Found 1 design units, including 1 entities, in source file OP.bdf
    Info (12023): Found entity 1: OP
Info (12021): Found 1 design units, including 1 entities, in source file ADDR.bdf
    Info (12023): Found entity 1: ADDR
Info (12021): Found 1 design units, including 1 entities, in source file V.bdf
    Info (12023): Found entity 1: V
Info (12021): Found 1 design units, including 1 entities, in source file Decode.bdf
    Info (12023): Found entity 1: Decode
Info (12021): Found 1 design units, including 1 entities, in source file 4Mux1.bdf
    Info (12023): Found entity 1: 4Mux1
Info (12021): Found 1 design units, including 1 entities, in source file Execute.bdf
    Info (12023): Found entity 1: Execute
Info (12021): Found 1 design units, including 1 entities, in source file MuxADDR.bdf
    Info (12023): Found entity 1: MuxADDR
Info (12021): Found 1 design units, including 1 entities, in source file FSM.bdf
    Info (12023): Found entity 1: FSM
Info (12127): Elaborating entity "Nibble" for the top level hierarchy
Info (12128): Elaborating entity "FSM" for hierarchy "FSM:inst123456"
Info (12128): Elaborating entity "OP" for hierarchy "OP:inst22451"
Info (12128): Elaborating entity "Decode" for hierarchy "Decode:inst13"
Info (12128): Elaborating entity "Decoder" for hierarchy "Decode:inst13|Decoder:inst"
Info (12128): Elaborating entity "inst" for hierarchy "Decode:inst13|inst:inst11111"
Info (12128): Elaborating entity "inst8" for hierarchy "Decode:inst13|inst:inst11111|inst8:inst4"
Info (12128): Elaborating entity "Fetch" for hierarchy "Fetch:inst333"
Info (12128): Elaborating entity "single_port_rom" for hierarchy "Fetch:inst333|single_port_rom:inst2"
Warning (10850): Verilog HDL warning at single_port_rom.v(24): number of words (7) in memory file does not match the number of elements in the address range [0:31] File: /home/alunoic/workspace/Alfredo/Nibble/single_port_rom.v Line: 24
Warning (10030): Net "rom.data_a" at single_port_rom.v(12) has no driver or initial value, using a default initial value '0' File: /home/alunoic/workspace/Alfredo/Nibble/single_port_rom.v Line: 12
Warning (10030): Net "rom.waddr_a" at single_port_rom.v(12) has no driver or initial value, using a default initial value '0' File: /home/alunoic/workspace/Alfredo/Nibble/single_port_rom.v Line: 12
Warning (10030): Net "rom.we_a" at single_port_rom.v(12) has no driver or initial value, using a default initial value '0' File: /home/alunoic/workspace/Alfredo/Nibble/single_port_rom.v Line: 12
Info (12128): Elaborating entity "PC" for hierarchy "Fetch:inst333|PC:inst"
Info (12128): Elaborating entity "single_port_ram" for hierarchy "single_port_ram:inst19"
Info (12128): Elaborating entity "MuxADDR" for hierarchy "MuxADDR:inst21"
Info (12128): Elaborating entity "BUSMUX" for hierarchy "MuxADDR:inst21|BUSMUX:insta0011"
Info (12130): Elaborated megafunction instantiation "MuxADDR:inst21|BUSMUX:insta0011"
Info (12133): Instantiated megafunction "MuxADDR:inst21|BUSMUX:insta0011" with the following parameter:
    Info (12134): Parameter "WIDTH" = "5"
Info (12128): Elaborating entity "lpm_mux" for hierarchy "MuxADDR:inst21|BUSMUX:insta0011|lpm_mux:$00000" File: /home/alunoic/altera_lite/16.0/quartus/libraries/megafunctions/busmux.tdf Line: 44
Info (12131): Elaborated megafunction instantiation "MuxADDR:inst21|BUSMUX:insta0011|lpm_mux:$00000", which is child of megafunction instantiation "MuxADDR:inst21|BUSMUX:insta0011" File: /home/alunoic/altera_lite/16.0/quartus/libraries/megafunctions/busmux.tdf Line: 44
Info (12021): Found 1 design units, including 1 entities, in source file db/mux_tjc.tdf
    Info (12023): Found entity 1: mux_tjc File: /home/alunoic/workspace/Alfredo/Nibble/db/mux_tjc.tdf Line: 23
Info (12128): Elaborating entity "mux_tjc" for hierarchy "MuxADDR:inst21|BUSMUX:insta0011|lpm_mux:$00000|mux_tjc:auto_generated" File: /home/alunoic/altera_lite/16.0/quartus/libraries/megafunctions/lpm_mux.tdf Line: 87
Info (12128): Elaborating entity "V" for hierarchy "V:inst20"
Info (12128): Elaborating entity "Execute" for hierarchy "Execute:inst18"
Warning (275011): Block or symbol "V" of instance "inst17" overlaps another block or symbol
Info (12128): Elaborating entity "FullAdd8" for hierarchy "Execute:inst18|FullAdd8:inst5"
Info (12128): Elaborating entity "FullAdd" for hierarchy "Execute:inst18|FullAdd8:inst5|FullAdd:inst1"
Info (12128): Elaborating entity "BUSMUX" for hierarchy "Execute:inst18|BUSMUX:inst2223"
Info (12130): Elaborated megafunction instantiation "Execute:inst18|BUSMUX:inst2223"
Info (12133): Instantiated megafunction "Execute:inst18|BUSMUX:inst2223" with the following parameter:
    Info (12134): Parameter "WIDTH" = "8"
Info (12128): Elaborating entity "lpm_mux" for hierarchy "Execute:inst18|BUSMUX:inst2223|lpm_mux:$00000" File: /home/alunoic/altera_lite/16.0/quartus/libraries/megafunctions/busmux.tdf Line: 44
Info (12131): Elaborated megafunction instantiation "Execute:inst18|BUSMUX:inst2223|lpm_mux:$00000", which is child of megafunction instantiation "Execute:inst18|BUSMUX:inst2223" File: /home/alunoic/altera_lite/16.0/quartus/libraries/megafunctions/busmux.tdf Line: 44
Info (12021): Found 1 design units, including 1 entities, in source file db/mux_0kc.tdf
    Info (12023): Found entity 1: mux_0kc File: /home/alunoic/workspace/Alfredo/Nibble/db/mux_0kc.tdf Line: 23
Info (12128): Elaborating entity "mux_0kc" for hierarchy "Execute:inst18|BUSMUX:inst2223|lpm_mux:$00000|mux_0kc:auto_generated" File: /home/alunoic/altera_lite/16.0/quartus/libraries/megafunctions/lpm_mux.tdf Line: 87
Info (12128): Elaborating entity "Comp2" for hierarchy "Execute:inst18|Comp2:inst6"
Info (276014): Found 1 instances of uninferred RAM logic
    Info (276004): RAM logic "Fetch:inst333|single_port_rom:inst2|rom" is uninferred due to inappropriate RAM size File: /home/alunoic/workspace/Alfredo/Nibble/single_port_rom.v Line: 12
Warning (127007): Memory Initialization File or Hexadecimal (Intel-Format) File "/home/alunoic/workspace/Alfredo/Nibble/db/Nibble.ram0_single_port_rom_7cbe853a.hdl.mif" contains "don't care" values -- overwriting them with 0s
Info (19000): Inferred 1 megafunctions from design logic
    Info (276029): Inferred altsyncram megafunction from the following design logic: "single_port_ram:inst19|ram_rtl_0" 
        Info (286033): Parameter OPERATION_MODE set to SINGLE_PORT
        Info (286033): Parameter WIDTH_A set to 8
        Info (286033): Parameter WIDTHAD_A set to 5
        Info (286033): Parameter NUMWORDS_A set to 32
        Info (286033): Parameter OUTDATA_REG_A set to UNREGISTERED
        Info (286033): Parameter ADDRESS_ACLR_A set to NONE
        Info (286033): Parameter OUTDATA_ACLR_A set to NONE
        Info (286033): Parameter INDATA_ACLR_A set to NONE
        Info (286033): Parameter WRCONTROL_ACLR_A set to NONE
Info (12130): Elaborated megafunction instantiation "single_port_ram:inst19|altsyncram:ram_rtl_0"
Info (12133): Instantiated megafunction "single_port_ram:inst19|altsyncram:ram_rtl_0" with the following parameter:
    Info (12134): Parameter "OPERATION_MODE" = "SINGLE_PORT"
    Info (12134): Parameter "WIDTH_A" = "8"
    Info (12134): Parameter "WIDTHAD_A" = "5"
    Info (12134): Parameter "NUMWORDS_A" = "32"
    Info (12134): Parameter "OUTDATA_REG_A" = "UNREGISTERED"
    Info (12134): Parameter "ADDRESS_ACLR_A" = "NONE"
    Info (12134): Parameter "OUTDATA_ACLR_A" = "NONE"
    Info (12134): Parameter "INDATA_ACLR_A" = "NONE"
    Info (12134): Parameter "WRCONTROL_ACLR_A" = "NONE"
Info (12021): Found 1 design units, including 1 entities, in source file db/altsyncram_kia1.tdf
    Info (12023): Found entity 1: altsyncram_kia1 File: /home/alunoic/workspace/Alfredo/Nibble/db/altsyncram_kia1.tdf Line: 28
Warning (13024): Output pins are stuck at VCC or GND
    Warning (13410): Pin "ADDR[4]" is stuck at GND
    Warning (13410): Pin "ADDR[2]" is stuck at GND
    Warning (13410): Pin "ADDR[0]" is stuck at GND
    Warning (13410): Pin "AX[7]" is stuck at GND
    Warning (13410): Pin "AX[6]" is stuck at GND
    Warning (13410): Pin "AX[5]" is stuck at GND
    Warning (13410): Pin "AX[4]" is stuck at GND
    Warning (13410): Pin "AX[3]" is stuck at GND
    Warning (13410): Pin "AX[2]" is stuck at GND
    Warning (13410): Pin "AX[0]" is stuck at GND
    Warning (13410): Pin "AY[7]" is stuck at GND
    Warning (13410): Pin "AY[6]" is stuck at GND
    Warning (13410): Pin "AY[5]" is stuck at GND
    Warning (13410): Pin "AY[4]" is stuck at GND
    Warning (13410): Pin "AY[2]" is stuck at GND
    Warning (13410): Pin "AY[1]" is stuck at GND
    Warning (13410): Pin "DX[7]" is stuck at GND
    Warning (13410): Pin "DX[6]" is stuck at GND
    Warning (13410): Pin "DX[5]" is stuck at GND
    Warning (13410): Pin "DX[4]" is stuck at GND
    Warning (13410): Pin "DX[3]" is stuck at GND
    Warning (13410): Pin "DX[2]" is stuck at GND
    Warning (13410): Pin "DX[0]" is stuck at GND
    Warning (13410): Pin "DY[7]" is stuck at GND
    Warning (13410): Pin "DY[6]" is stuck at GND
    Warning (13410): Pin "DY[5]" is stuck at GND
    Warning (13410): Pin "DY[4]" is stuck at GND
    Warning (13410): Pin "DY[2]" is stuck at GND
    Warning (13410): Pin "DY[1]" is stuck at GND
    Warning (13410): Pin "ENDR[4]" is stuck at GND
    Warning (13410): Pin "ENDR[2]" is stuck at GND
    Warning (13410): Pin "ENDR[0]" is stuck at GND
Info (286030): Timing-Driven Synthesis is running
Info (17036): Removed 1 MSB VCC or GND address nodes from RAM block "single_port_ram:inst19|altsyncram:ram_rtl_0|altsyncram_kia1:auto_generated|ALTSYNCRAM" File: /home/alunoic/workspace/Alfredo/Nibble/db/altsyncram_kia1.tdf Line: 184
Info (16010): Generating hard_block partition "hard_block:auto_generated_inst"
    Info (16011): Adding 0 node(s), including 0 DDIO, 0 PLL, 0 transceiver and 0 LCELL
Info (21057): Implemented 116 device resources after synthesis - the final resource count might be different
    Info (21058): Implemented 1 input pins
    Info (21059): Implemented 65 output pins
    Info (21061): Implemented 42 logic cells
    Info (21064): Implemented 8 RAM segments
Info: Quartus Prime Analysis & Synthesis was successful. 0 errors, 40 warnings
    Info: Peak virtual memory: 1315 megabytes
    Info: Processing ended: Fri Nov  4 11:15:04 2016
    Info: Elapsed time: 00:00:32
    Info: Total CPU time (on all processors): 00:00:33


